<?xml version="1.0" encoding="UTF-8"?>
<!-- Generated by org.testng.reporters.JUnitReportReporter -->
<testsuite hostname="SURYA" failures="0" tests="2" name="testng.PaymentTests" time="0.017" errors="0" timestamp="2024-07-30T17:24:12 IST" skipped="0">
  <testcase classname="testng.PaymentTests" name="paymentinRupees" time="0.015"/>
  <system-out/>
  <testcase classname="testng.PaymentTests" name="paymentinDollars" time="0.002"/>
  <system-out/>
</testsuite> <!-- testng.PaymentTests -->
