<?xml version="1.0" encoding="UTF-8"?>
<!-- Generated by org.testng.reporters.JUnitReportReporter -->
<testsuite hostname="SURYA" failures="0" tests="4" name="testng.OrangeHRMTest" time="10.418" errors="0" timestamp="2024-07-29T13:18:23 IST" skipped="0">
  <testcase classname="testng.OrangeHRMTest" name="openapp" time="6.190"/>
  <system-out/>
  <testcase classname="testng.OrangeHRMTest" name="testlogo" time="2.118"/>
  <system-out/>
  <testcase classname="testng.OrangeHRMTest" name="login" time="1.915"/>
  <system-out/>
  <testcase classname="testng.OrangeHRMTest" name="logout" time="0.195"/>
  <system-out/>
</testsuite> <!-- testng.OrangeHRMTest -->
