<?xml version="1.0" encoding="UTF-8"?>
<!-- Generated by org.testng.reporters.JUnitReportReporter -->
<testsuite hostname="SURYA" failures="0" tests="6" name="testng.ParamTest" time="0.335" errors="0" timestamp="2024-07-31T16:20:35 IST" skipped="0">
  <testcase classname="testng.ParamTest" name="testlogo" time="0.103"/>
  <system-out/>
  <testcase classname="testng.ParamTest" name="testlogo" time="0.054"/>
  <system-out/>
  <testcase classname="testng.ParamTest" name="testtitle" time="0.016"/>
  <system-out/>
  <testcase classname="testng.ParamTest" name="testtitle" time="0.021"/>
  <system-out/>
  <testcase classname="testng.ParamTest" name="testurl" time="0.016"/>
  <system-out/>
  <testcase classname="testng.ParamTest" name="testurl" time="0.125"/>
  <system-out/>
</testsuite> <!-- testng.ParamTest -->
