<?xml version="1.0" encoding="UTF-8"?>
<!-- Generated by org.testng.reporters.JUnitReportReporter -->
<testsuite hostname="SURYA" failures="0" tests="2" name="demo3.C1" time="0.009" errors="0" timestamp="2024-07-29T17:24:19 IST" skipped="0">
  <testcase classname="demo3.C1" name="abc" time="0.008"/>
  <system-out/>
  <testcase classname="demo3.C1" name="abc" time="0.001"/>
  <system-out/>
</testsuite> <!-- demo3.C1 -->
