<?xml version="1.0" encoding="UTF-8"?>
<!-- Generated by org.testng.reporters.JUnitReportReporter -->
<testsuite hostname="SURYA" failures="0" tests="3" name="testng.LoginTests" time="0.018" errors="0" timestamp="2024-07-30T17:20:00 IST" skipped="0">
  <testcase classname="testng.LoginTests" name="loginByEmail" time="0.015"/>
  <system-out/>
  <testcase classname="testng.LoginTests" name="loginByFacebook" time="0.001"/>
  <system-out/>
  <testcase classname="testng.LoginTests" name="loginByTwitter" time="0.002"/>
  <system-out/>
</testsuite> <!-- testng.LoginTests -->
