<?xml version="1.0" encoding="UTF-8"?>
<!-- Generated by org.testng.reporters.JUnitReportReporter -->
<testsuite hostname="SURYA" failures="0" tests="2" name="testng.AnnptationsDemo2" time="0.012" errors="0" timestamp="2024-07-29T15:57:36 IST" skipped="0">
  <testcase classname="testng.AnnptationsDemo2" name="search" time="0.001"/>
  <system-out/>
  <testcase classname="testng.AnnptationsDemo2" name="advsearch" time="0.011"/>
  <system-out/>
</testsuite> <!-- testng.AnnptationsDemo2 -->
