<?xml version="1.0" encoding="UTF-8"?>
<!-- Generated by org.testng.reporters.JUnitReportReporter -->
<testsuite hostname="SURYA" failures="0" tests="3" name="testng.SignupTests" time="0.006" errors="0" timestamp="2024-07-30T16:52:23 IST" skipped="0">
  <testcase classname="testng.SignupTests" name="signupByemail" time="0.002"/>
  <system-out/>
  <testcase classname="testng.SignupTests" name="signupByfacebook" time="0.002"/>
  <system-out/>
  <testcase classname="testng.SignupTests" name="signupBytwitter" time="0.002"/>
  <system-out/>
</testsuite> <!-- testng.SignupTests -->
