<?xml version="1.0" encoding="UTF-8"?>
<!-- Generated by org.testng.reporters.JUnitReportReporter -->
<testsuite hostname="SURYA" failures="0" tests="3" name="testng.FirstTestCase" time="0.023" errors="0" timestamp="2024-07-29T13:18:23 IST" skipped="0">
  <testcase classname="testng.FirstTestCase" name="openapp" time="0.020"/>
  <system-out/>
  <testcase classname="testng.FirstTestCase" name="login" time="0.001"/>
  <system-out/>
  <testcase classname="testng.FirstTestCase" name="logout" time="0.002"/>
  <system-out/>
</testsuite> <!-- testng.FirstTestCase -->
