<?xml version="1.0" encoding="UTF-8"?>
<!-- Generated by org.testng.reporters.JUnitReportReporter -->
<testsuite hostname="SURYA" failures="0" tests="3" name="testng.OrangeHRM" time="2.048" errors="0" timestamp="2024-08-13T17:59:48 IST" skipped="0">
  <testcase classname="testng.OrangeHRM" name="testlogo" time="2.048"/>
  <system-out/>
  <testcase classname="testng.OrangeHRM" name="testappurl" time="0.000"/>
  <system-out/>
  <testcase classname="testng.OrangeHRM" name="testHomePageTitle" time="0.000"/>
  <system-out/>
</testsuite> <!-- testng.OrangeHRM -->
