<?xml version="1.0" encoding="UTF-8"?>
<!-- Generated by org.testng.reporters.JUnitReportReporter -->
<testsuite hostname="SURYA" failures="0" tests="1" name="demo3.AssertionsDemo" time="0.011" errors="0" timestamp="2024-07-30T11:27:31 IST" skipped="0">
  <testcase classname="demo3.AssertionsDemo" name="testTitle" time="0.011"/>
  <system-out/>
</testsuite> <!-- demo3.AssertionsDemo -->
