<?xml version="1.0" encoding="UTF-8"?>
<!-- Generated by org.testng.reporters.JUnitReportReporter -->
<testsuite hostname="SURYA" failures="0" tests="2" name="testng.AnnotationsDemo" time="0.020" errors="0" timestamp="2024-07-29T15:48:07 IST" skipped="0">
  <testcase classname="testng.AnnotationsDemo" name="advsearch" time="0.017"/>
  <system-out/>
  <testcase classname="testng.AnnotationsDemo" name="search" time="0.003"/>
  <system-out/>
</testsuite> <!-- testng.AnnotationsDemo -->
