<?xml version="1.0" encoding="UTF-8"?>
<!-- Generated by org.testng.reporters.JUnitReportReporter -->
<testsuite hostname="SURYA" failures="0" tests="2" name="demo3.C3" time="0.001" errors="0" timestamp="2024-07-29T17:24:19 IST" skipped="0">
  <testcase classname="demo3.C3" name="pqr" time="0.000"/>
  <system-out/>
  <testcase classname="demo3.C3" name="pqr" time="0.001"/>
  <system-out/>
</testsuite> <!-- demo3.C3 -->
