<?xml version="1.0" encoding="UTF-8"?>
<!-- Generated by org.testng.reporters.JUnitReportReporter -->
<testsuite hostname="SURYA" failures="0" tests="2" name="demo3.AllAnnotations" time="0.012" errors="0" timestamp="2024-07-29T17:36:15 IST" skipped="0">
  <testcase classname="demo3.AllAnnotations" name="tm1" time="0.008"/>
  <system-out/>
  <testcase classname="demo3.AllAnnotations" name="tm2" time="0.004"/>
  <system-out/>
</testsuite> <!-- demo3.AllAnnotations -->
