<?xml version="1.0" encoding="UTF-8"?>
<!-- Generated by org.testng.reporters.JUnitReportReporter -->
<testsuite hostname="SURYA" failures="0" tests="1" name="testng.LoginTest" time="0.500" errors="0" timestamp="2024-08-02T17:11:09 IST" skipped="0">
  <testcase classname="testng.LoginTest" name="testlogin" time="0.500"/>
  <system-out/>
</testsuite> <!-- testng.LoginTest -->
